TN:
SF:exercises.js
FN:2,(anonymous_0)
FN:6,(anonymous_1)
FN:10,(anonymous_2)
FN:14,(anonymous_3)
FN:18,(anonymous_4)
FN:26,(anonymous_5)
FN:35,(anonymous_6)
FN:39,(anonymous_7)
FN:40,cuadrado
FN:46,(anonymous_9)
FNF:10
FNH:10
FNDA:1,(anonymous_0)
FNDA:2,(anonymous_1)
FNDA:2,(anonymous_2)
FNDA:2,(anonymous_3)
FNDA:3,(anonymous_4)
FNDA:2,(anonymous_5)
FNDA:2,(anonymous_6)
FNDA:2,(anonymous_7)
FNDA:4,cuadrado
FNDA:1,(anonymous_9)
DA:2,1
DA:3,1
DA:6,1
DA:7,2
DA:10,1
DA:11,2
DA:14,1
DA:15,2
DA:18,1
DA:19,3
DA:20,1
DA:22,2
DA:26,1
DA:27,2
DA:28,2
DA:29,2
DA:30,16
DA:32,2
DA:35,1
DA:36,2
DA:39,1
DA:41,4
DA:43,2
DA:46,1
DA:47,1
DA:48,1
DA:49,1
DA:50,3
DA:52,1
DA:54,1
LF:30
LH:30
BRDA:19,0,0,1
BRDA:19,0,1,2
BRDA:27,1,0,1
BRDA:27,1,1,1
BRF:4
BRH:4
end_of_record
