TN:
SF:exercises.js
FN:2,(anonymous_0)
FN:6,(anonymous_1)
FN:10,(anonymous_2)
FN:14,(anonymous_3)
FN:18,(anonymous_4)
FN:26,(anonymous_5)
FN:32,(anonymous_6)
FN:36,(anonymous_7)
FN:37,cuadrado
FN:43,(anonymous_9)
FNF:10
FNH:10
FNDA:1,(anonymous_0)
FNDA:1,(anonymous_1)
FNDA:1,(anonymous_2)
FNDA:1,(anonymous_3)
FNDA:2,(anonymous_4)
FNDA:2,(anonymous_5)
FNDA:1,(anonymous_6)
FNDA:1,(anonymous_7)
FNDA:2,cuadrado
FNDA:1,(anonymous_9)
DA:2,1
DA:3,1
DA:6,1
DA:7,1
DA:10,1
DA:11,1
DA:14,1
DA:15,1
DA:18,1
DA:19,2
DA:20,1
DA:22,1
DA:26,1
DA:27,2
DA:28,1
DA:29,1
DA:32,1
DA:33,1
DA:36,1
DA:38,2
DA:40,1
DA:43,1
DA:44,1
DA:45,1
DA:46,1
DA:47,3
DA:49,1
DA:51,1
LF:28
LH:28
BRDA:19,0,0,1
BRDA:19,0,1,1
BRDA:27,1,0,1
BRDA:27,1,1,1
BRF:4
BRH:4
end_of_record
